Starting project at D:\opensource\EatLog
Starting Metro Bundler

Waiting on http://localhost:8081
7 packages may need updating. Run npx expo install --check for details.
Logs for your project will appear below.
Web Bundled 1344ms node_modules\expo-router\entry.js (984 modules)
Web  INFO  %cDownload the React DevTools for a better development experience: https://react.dev/link/react-devtools font-weight:bold
Web  LOG  Running application "main" with appParams:
 {"hydrate": undefined, "rootTag": "#root"} 
Development-level warnings: ON.
Performance optimizations: OFF.
Web Bundling failed 35ms node_modules\expo-sqlite\web\worker.ts (1 module)
Unable to resolve "./wa-sqlite/wa-sqlite.wasm" from "node_modules\expo-sqlite\web\worker.ts"
[0m [90m 20 |[39m [36mimport[39m [33mWaSQLiteFactory[39m [36mfrom[39m [32m'./wa-sqlite/wa-sqlite'[39m[33m;[39m
 [90m 21 |[39m [90m// @ts-expect-error wasm module is not typed[39m
[31m[1m>[22m[39m[90m 22 |[39m [36mimport[39m wasmModule [36mfrom[39m [32m'./wa-sqlite/wa-sqlite.wasm'[39m[33m;[39m
 [90m    |[39m                         [31m[1m^[22m[39m
 [90m 23 |[39m [36mimport[39m {
 [90m 24 |[39m   type [33mSQLiteWorkerMessage[39m[33m,[39m
 [90m 25 |[39m   type [33mSQLiteWorkerMessageType[39m[33m,[39m[0m

Import stack:

 node_modules\expo-sqlite\web\worker.ts
 | import "./wa-sqlite/wa-sqlite.wasm"

 node_modules\expo-sqlite\web\SQLiteModule.ts
 | import "./worker"

 node_modules\expo-sqlite\build\ExpoSQLite.web.js
 | import "../web/SQLiteModule"

 node_modules\expo-sqlite\build\SQLiteDatabase.js
 | import "./ExpoSQLite"

 node_modules\expo-sqlite\build\index.js
 | import "./SQLiteDatabase"

 src\db\database.ts
 | import "expo-sqlite"

 app\(tabs)\profile.tsx
 | import "../../src/db/database"

 app (require.context)

